<?xml version="1.0" encoding="UTF-8"?>
<!-- Generated by org.testng.reporters.JUnitXMLReporter -->
<testsuite hostname="Shahzads-MBP.home" ignored="0" name="Free CRM App Test Cases" tests="7" failures="0" timestamp="2020-04-26T16:52:39 EDT" time="31.072" errors="0">
  <testcase name="freeCRMLandingTitleValidations" time="0.008" classname="com.crm.qa.testcases.FreeCRMLandingTest"/>
  <testcase name="freeCRMLandingLogoValidations" time="0.038" classname="com.crm.qa.testcases.FreeCRMLandingTest"/>
  <testcase name="usrClkLoginButton" time="0.322" classname="com.crm.qa.testcases.FreeCRMLandingTest"/>
  <testcase name="validateLoginPageTitle" time="0.006" classname="com.crm.qa.testcases.LoginPageTest"/>
  <testcase name="userLoginTest" time="2.882" classname="com.crm.qa.testcases.LoginPageTest"/>
  <testcase name="verifyHomePageTitle" time="0.005" classname="com.crm.qa.testcases.HomePageTest"/>
  <testcase name="validateUserNameLabel" time="0.695" classname="com.crm.qa.testcases.HomePageTest"/>
</testsuite> <!-- Free CRM App Test Cases -->
